2022-09-03 07:55:33.876  INFO 4389 --- [restartedMain] c.e.s.SpringEmployeePayrollApplication   : Starting SpringEmployeePayrollApplication using Java 17.0.4 on hp-HP-ProBook-440-G5 with PID 4389 (/home/hp/IdeaProjects/SpringEmployeePayroll/target/classes started by hp in /home/hp/IdeaProjects/SpringEmployeePayroll)
2022-09-03 07:55:33.885  INFO 4389 --- [restartedMain] c.e.s.SpringEmployeePayrollApplication   : The following 1 profile is active: "dev"
2022-09-03 07:55:33.993  INFO 4389 --- [restartedMain] .e.DevToolsPropertyDefaultsPostProcessor : Devtools property defaults active! Set 'spring.devtools.add-properties' to 'false' to disable
2022-09-03 07:55:33.993  INFO 4389 --- [restartedMain] .e.DevToolsPropertyDefaultsPostProcessor : For additional web related logging consider setting the 'logging.level.web' property to 'DEBUG'
2022-09-03 07:55:34.939  INFO 4389 --- [restartedMain] .s.d.r.c.RepositoryConfigurationDelegate : Bootstrapping Spring Data JPA repositories in DEFAULT mode.
2022-09-03 07:55:35.004  INFO 4389 --- [restartedMain] .s.d.r.c.RepositoryConfigurationDelegate : Finished Spring Data repository scanning in 51 ms. Found 1 JPA repository interfaces.
2022-09-03 07:55:35.914  INFO 4389 --- [restartedMain] o.s.b.w.embedded.tomcat.TomcatWebServer  : Tomcat initialized with port(s): 6060 (http)
2022-09-03 07:55:35.927  INFO 4389 --- [restartedMain] o.apache.catalina.core.StandardService   : Starting service [Tomcat]
2022-09-03 07:55:35.928  INFO 4389 --- [restartedMain] org.apache.catalina.core.StandardEngine  : Starting Servlet engine: [Apache Tomcat/9.0.65]
2022-09-03 07:55:36.017  INFO 4389 --- [restartedMain] o.a.c.c.C.[Tomcat].[localhost].[/]       : Initializing Spring embedded WebApplicationContext
2022-09-03 07:55:36.017  INFO 4389 --- [restartedMain] w.s.c.ServletWebServerApplicationContext : Root WebApplicationContext: initialization completed in 2020 ms
2022-09-03 07:55:36.243  INFO 4389 --- [restartedMain] o.hibernate.jpa.internal.util.LogHelper  : HHH000204: Processing PersistenceUnitInfo [name: default]
2022-09-03 07:55:36.300  INFO 4389 --- [restartedMain] org.hibernate.Version                    : HHH000412: Hibernate ORM core version 5.6.10.Final
2022-09-03 07:55:36.500  INFO 4389 --- [restartedMain] o.hibernate.annotations.common.Version   : HCANN000001: Hibernate Commons Annotations {5.1.2.Final}
2022-09-03 07:55:36.607  INFO 4389 --- [restartedMain] com.zaxxer.hikari.HikariDataSource       : HikariPool-1 - Starting...
2022-09-03 07:55:37.061  INFO 4389 --- [restartedMain] com.zaxxer.hikari.HikariDataSource       : HikariPool-1 - Start completed.
2022-09-03 07:55:37.104  INFO 4389 --- [restartedMain] org.hibernate.dialect.Dialect            : HHH000400: Using dialect: org.hibernate.dialect.MySQL8Dialect
2022-09-03 07:55:38.015  INFO 4389 --- [restartedMain] o.h.e.t.j.p.i.JtaPlatformInitiator       : HHH000490: Using JtaPlatform implementation: [org.hibernate.engine.transaction.jta.platform.internal.NoJtaPlatform]
2022-09-03 07:55:38.024  INFO 4389 --- [restartedMain] j.LocalContainerEntityManagerFactoryBean : Initialized JPA EntityManagerFactory for persistence unit 'default'
2022-09-03 07:55:38.482  WARN 4389 --- [restartedMain] JpaBaseConfiguration$JpaWebConfiguration : spring.jpa.open-in-view is enabled by default. Therefore, database queries may be performed during view rendering. Explicitly configure spring.jpa.open-in-view to disable this warning
2022-09-03 07:55:38.867  WARN 4389 --- [restartedMain] ion$DefaultTemplateResolverConfiguration : Cannot find template location: classpath:/templates/ (please add some templates or check your Thymeleaf configuration)
2022-09-03 07:55:38.967  INFO 4389 --- [restartedMain] o.s.b.d.a.OptionalLiveReloadServer       : LiveReload server is running on port 35729
2022-09-03 07:55:39.005  INFO 4389 --- [restartedMain] o.s.b.w.embedded.tomcat.TomcatWebServer  : Tomcat started on port(s): 6060 (http) with context path ''
2022-09-03 07:55:39.021  INFO 4389 --- [restartedMain] c.e.s.SpringEmployeePayrollApplication   : Started SpringEmployeePayrollApplication in 5.841 seconds (JVM running for 6.638)
2022-09-03 07:55:39.026  INFO 4389 --- [restartedMain] c.e.s.SpringEmployeePayrollApplication   : Hello! Welcome to the Employee Payroll Project
2022-09-03 07:56:13.086  INFO 4389 --- [http-nio-6060-exec-2] o.a.c.c.C.[Tomcat].[localhost].[/]       : Initializing Spring DispatcherServlet 'dispatcherServlet'
2022-09-03 07:56:13.087  INFO 4389 --- [http-nio-6060-exec-2] o.s.web.servlet.DispatcherServlet        : Initializing Servlet 'dispatcherServlet'
2022-09-03 07:56:13.089  INFO 4389 --- [http-nio-6060-exec-2] o.s.web.servlet.DispatcherServlet        : Completed initialization in 2 ms
2022-09-03 08:47:15.356  INFO 4389 --- [SpringApplicationShutdownHook] j.LocalContainerEntityManagerFactoryBean : Closing JPA EntityManagerFactory for persistence unit 'default'
2022-09-03 08:47:15.363  INFO 4389 --- [SpringApplicationShutdownHook] com.zaxxer.hikari.HikariDataSource       : HikariPool-1 - Shutdown initiated...
2022-09-03 08:47:15.376  INFO 4389 --- [SpringApplicationShutdownHook] com.zaxxer.hikari.HikariDataSource       : HikariPool-1 - Shutdown completed.
2022-09-03 08:47:21.885  INFO 7950 --- [restartedMain] c.e.s.SpringEmployeePayrollApplication   : Starting SpringEmployeePayrollApplication using Java 17.0.4 on hp-HP-ProBook-440-G5 with PID 7950 (/home/hp/IdeaProjects/SpringEmployeePayroll/target/classes started by hp in /home/hp/IdeaProjects/SpringEmployeePayroll)
2022-09-03 08:47:21.889  INFO 7950 --- [restartedMain] c.e.s.SpringEmployeePayrollApplication   : The following 1 profile is active: "dev"
2022-09-03 08:47:21.997  INFO 7950 --- [restartedMain] .e.DevToolsPropertyDefaultsPostProcessor : Devtools property defaults active! Set 'spring.devtools.add-properties' to 'false' to disable
2022-09-03 08:47:21.999  INFO 7950 --- [restartedMain] .e.DevToolsPropertyDefaultsPostProcessor : For additional web related logging consider setting the 'logging.level.web' property to 'DEBUG'
2022-09-03 08:47:23.195  INFO 7950 --- [restartedMain] .s.d.r.c.RepositoryConfigurationDelegate : Bootstrapping Spring Data JPA repositories in DEFAULT mode.
2022-09-03 08:47:23.311  INFO 7950 --- [restartedMain] .s.d.r.c.RepositoryConfigurationDelegate : Finished Spring Data repository scanning in 95 ms. Found 1 JPA repository interfaces.
2022-09-03 08:47:24.458  INFO 7950 --- [restartedMain] o.s.b.w.embedded.tomcat.TomcatWebServer  : Tomcat initialized with port(s): 6060 (http)
2022-09-03 08:47:24.474  INFO 7950 --- [restartedMain] o.apache.catalina.core.StandardService   : Starting service [Tomcat]
2022-09-03 08:47:24.475  INFO 7950 --- [restartedMain] org.apache.catalina.core.StandardEngine  : Starting Servlet engine: [Apache Tomcat/9.0.65]
2022-09-03 08:47:24.562  INFO 7950 --- [restartedMain] o.a.c.c.C.[Tomcat].[localhost].[/]       : Initializing Spring embedded WebApplicationContext
2022-09-03 08:47:24.562  INFO 7950 --- [restartedMain] w.s.c.ServletWebServerApplicationContext : Root WebApplicationContext: initialization completed in 2561 ms
2022-09-03 08:47:24.826  INFO 7950 --- [restartedMain] o.hibernate.jpa.internal.util.LogHelper  : HHH000204: Processing PersistenceUnitInfo [name: default]
2022-09-03 08:47:24.888  INFO 7950 --- [restartedMain] org.hibernate.Version                    : HHH000412: Hibernate ORM core version 5.6.10.Final
2022-09-03 08:47:25.079  INFO 7950 --- [restartedMain] o.hibernate.annotations.common.Version   : HCANN000001: Hibernate Commons Annotations {5.1.2.Final}
2022-09-03 08:47:25.204  INFO 7950 --- [restartedMain] com.zaxxer.hikari.HikariDataSource       : HikariPool-1 - Starting...
2022-09-03 08:47:25.685  INFO 7950 --- [restartedMain] com.zaxxer.hikari.HikariDataSource       : HikariPool-1 - Start completed.
2022-09-03 08:47:25.723  INFO 7950 --- [restartedMain] org.hibernate.dialect.Dialect            : HHH000400: Using dialect: org.hibernate.dialect.MySQL8Dialect
2022-09-03 08:47:26.662  INFO 7950 --- [restartedMain] o.h.e.t.j.p.i.JtaPlatformInitiator       : HHH000490: Using JtaPlatform implementation: [org.hibernate.engine.transaction.jta.platform.internal.NoJtaPlatform]
2022-09-03 08:47:26.671  INFO 7950 --- [restartedMain] j.LocalContainerEntityManagerFactoryBean : Initialized JPA EntityManagerFactory for persistence unit 'default'
2022-09-03 08:47:27.211  WARN 7950 --- [restartedMain] JpaBaseConfiguration$JpaWebConfiguration : spring.jpa.open-in-view is enabled by default. Therefore, database queries may be performed during view rendering. Explicitly configure spring.jpa.open-in-view to disable this warning
2022-09-03 08:47:27.619  WARN 7950 --- [restartedMain] ion$DefaultTemplateResolverConfiguration : Cannot find template location: classpath:/templates/ (please add some templates or check your Thymeleaf configuration)
2022-09-03 08:47:27.729  INFO 7950 --- [restartedMain] o.s.b.d.a.OptionalLiveReloadServer       : LiveReload server is running on port 35729
2022-09-03 08:47:27.768  INFO 7950 --- [restartedMain] o.s.b.w.embedded.tomcat.TomcatWebServer  : Tomcat started on port(s): 6060 (http) with context path ''
2022-09-03 08:47:27.792  INFO 7950 --- [restartedMain] c.e.s.SpringEmployeePayrollApplication   : Started SpringEmployeePayrollApplication in 6.63 seconds (JVM running for 7.48)
2022-09-03 08:47:27.797  INFO 7950 --- [restartedMain] c.e.s.SpringEmployeePayrollApplication   : Hello! Welcome to the Employee Payroll Project
2022-09-03 08:48:56.441  INFO 7950 --- [http-nio-6060-exec-2] o.a.c.c.C.[Tomcat].[localhost].[/]       : Initializing Spring DispatcherServlet 'dispatcherServlet'
2022-09-03 08:48:56.442  INFO 7950 --- [http-nio-6060-exec-2] o.s.web.servlet.DispatcherServlet        : Initializing Servlet 'dispatcherServlet'
2022-09-03 08:48:56.445  INFO 7950 --- [http-nio-6060-exec-2] o.s.web.servlet.DispatcherServlet        : Completed initialization in 3 ms
2022-09-03 08:49:05.948  WARN 7950 --- [http-nio-6060-exec-3] .m.m.a.ExceptionHandlerExceptionResolver : Resolved [com.example.springemployeepayroll.exception.EmployeePayrollException: id_error: Its error with the id enty: 100]
2022-09-03 09:03:24.573  INFO 7950 --- [SpringApplicationShutdownHook] j.LocalContainerEntityManagerFactoryBean : Closing JPA EntityManagerFactory for persistence unit 'default'
2022-09-03 09:03:24.576  INFO 7950 --- [SpringApplicationShutdownHook] com.zaxxer.hikari.HikariDataSource       : HikariPool-1 - Shutdown initiated...
2022-09-03 09:03:24.587  INFO 7950 --- [SpringApplicationShutdownHook] com.zaxxer.hikari.HikariDataSource       : HikariPool-1 - Shutdown completed.
2022-09-03 09:03:31.277  INFO 8526 --- [restartedMain] c.e.s.SpringEmployeePayrollApplication   : Starting SpringEmployeePayrollApplication using Java 17.0.4 on hp-HP-ProBook-440-G5 with PID 8526 (/home/hp/IdeaProjects/SpringEmployeePayroll/target/classes started by hp in /home/hp/IdeaProjects/SpringEmployeePayroll)
2022-09-03 09:03:31.285  INFO 8526 --- [restartedMain] c.e.s.SpringEmployeePayrollApplication   : The following 1 profile is active: "dev"
2022-09-03 09:03:31.409  INFO 8526 --- [restartedMain] .e.DevToolsPropertyDefaultsPostProcessor : Devtools property defaults active! Set 'spring.devtools.add-properties' to 'false' to disable
2022-09-03 09:03:31.412  INFO 8526 --- [restartedMain] .e.DevToolsPropertyDefaultsPostProcessor : For additional web related logging consider setting the 'logging.level.web' property to 'DEBUG'
2022-09-03 09:03:32.470  INFO 8526 --- [restartedMain] .s.d.r.c.RepositoryConfigurationDelegate : Bootstrapping Spring Data JPA repositories in DEFAULT mode.
2022-09-03 09:03:32.536  INFO 8526 --- [restartedMain] .s.d.r.c.RepositoryConfigurationDelegate : Finished Spring Data repository scanning in 52 ms. Found 1 JPA repository interfaces.
2022-09-03 09:03:33.582  INFO 8526 --- [restartedMain] o.s.b.w.embedded.tomcat.TomcatWebServer  : Tomcat initialized with port(s): 6060 (http)
2022-09-03 09:03:33.594  INFO 8526 --- [restartedMain] o.apache.catalina.core.StandardService   : Starting service [Tomcat]
2022-09-03 09:03:33.595  INFO 8526 --- [restartedMain] org.apache.catalina.core.StandardEngine  : Starting Servlet engine: [Apache Tomcat/9.0.65]
2022-09-03 09:03:33.673  INFO 8526 --- [restartedMain] o.a.c.c.C.[Tomcat].[localhost].[/]       : Initializing Spring embedded WebApplicationContext
2022-09-03 09:03:33.674  INFO 8526 --- [restartedMain] w.s.c.ServletWebServerApplicationContext : Root WebApplicationContext: initialization completed in 2254 ms
2022-09-03 09:03:33.905  INFO 8526 --- [restartedMain] o.hibernate.jpa.internal.util.LogHelper  : HHH000204: Processing PersistenceUnitInfo [name: default]
2022-09-03 09:03:33.977  INFO 8526 --- [restartedMain] org.hibernate.Version                    : HHH000412: Hibernate ORM core version 5.6.10.Final
2022-09-03 09:03:34.227  INFO 8526 --- [restartedMain] o.hibernate.annotations.common.Version   : HCANN000001: Hibernate Commons Annotations {5.1.2.Final}
2022-09-03 09:03:34.344  INFO 8526 --- [restartedMain] com.zaxxer.hikari.HikariDataSource       : HikariPool-1 - Starting...
2022-09-03 09:03:34.806  INFO 8526 --- [restartedMain] com.zaxxer.hikari.HikariDataSource       : HikariPool-1 - Start completed.
2022-09-03 09:03:34.855  INFO 8526 --- [restartedMain] org.hibernate.dialect.Dialect            : HHH000400: Using dialect: org.hibernate.dialect.MySQL8Dialect
2022-09-03 09:03:35.760  INFO 8526 --- [restartedMain] o.h.e.t.j.p.i.JtaPlatformInitiator       : HHH000490: Using JtaPlatform implementation: [org.hibernate.engine.transaction.jta.platform.internal.NoJtaPlatform]
2022-09-03 09:03:35.767  INFO 8526 --- [restartedMain] j.LocalContainerEntityManagerFactoryBean : Initialized JPA EntityManagerFactory for persistence unit 'default'
2022-09-03 09:03:36.193  WARN 8526 --- [restartedMain] JpaBaseConfiguration$JpaWebConfiguration : spring.jpa.open-in-view is enabled by default. Therefore, database queries may be performed during view rendering. Explicitly configure spring.jpa.open-in-view to disable this warning
2022-09-03 09:03:36.572  WARN 8526 --- [restartedMain] ion$DefaultTemplateResolverConfiguration : Cannot find template location: classpath:/templates/ (please add some templates or check your Thymeleaf configuration)
2022-09-03 09:03:36.677  INFO 8526 --- [restartedMain] o.s.b.d.a.OptionalLiveReloadServer       : LiveReload server is running on port 35729
2022-09-03 09:03:36.708  INFO 8526 --- [restartedMain] o.s.b.w.embedded.tomcat.TomcatWebServer  : Tomcat started on port(s): 6060 (http) with context path ''
2022-09-03 09:03:36.722  INFO 8526 --- [restartedMain] c.e.s.SpringEmployeePayrollApplication   : Started SpringEmployeePayrollApplication in 6.146 seconds (JVM running for 6.824)
2022-09-03 09:03:36.727  INFO 8526 --- [restartedMain] c.e.s.SpringEmployeePayrollApplication   : Hello! Welcome to the Employee Payroll Project
2022-09-03 09:10:48.320  INFO 8526 --- [SpringApplicationShutdownHook] j.LocalContainerEntityManagerFactoryBean : Closing JPA EntityManagerFactory for persistence unit 'default'
2022-09-03 09:10:48.324  INFO 8526 --- [SpringApplicationShutdownHook] com.zaxxer.hikari.HikariDataSource       : HikariPool-1 - Shutdown initiated...
2022-09-03 09:10:48.335  INFO 8526 --- [SpringApplicationShutdownHook] com.zaxxer.hikari.HikariDataSource       : HikariPool-1 - Shutdown completed.
2022-09-03 09:10:55.587  INFO 8793 --- [restartedMain] c.e.s.SpringEmployeePayrollApplication   : Starting SpringEmployeePayrollApplication using Java 17.0.4 on hp-HP-ProBook-440-G5 with PID 8793 (/home/hp/IdeaProjects/SpringEmployeePayroll/target/classes started by hp in /home/hp/IdeaProjects/SpringEmployeePayroll)
2022-09-03 09:10:55.591  INFO 8793 --- [restartedMain] c.e.s.SpringEmployeePayrollApplication   : The following 1 profile is active: "dev"
2022-09-03 09:10:55.684  INFO 8793 --- [restartedMain] .e.DevToolsPropertyDefaultsPostProcessor : Devtools property defaults active! Set 'spring.devtools.add-properties' to 'false' to disable
2022-09-03 09:10:55.685  INFO 8793 --- [restartedMain] .e.DevToolsPropertyDefaultsPostProcessor : For additional web related logging consider setting the 'logging.level.web' property to 'DEBUG'
2022-09-03 09:10:56.647  INFO 8793 --- [restartedMain] .s.d.r.c.RepositoryConfigurationDelegate : Bootstrapping Spring Data JPA repositories in DEFAULT mode.
2022-09-03 09:10:56.708  INFO 8793 --- [restartedMain] .s.d.r.c.RepositoryConfigurationDelegate : Finished Spring Data repository scanning in 50 ms. Found 1 JPA repository interfaces.
2022-09-03 09:10:57.678  INFO 8793 --- [restartedMain] o.s.b.w.embedded.tomcat.TomcatWebServer  : Tomcat initialized with port(s): 6060 (http)
2022-09-03 09:10:57.689  INFO 8793 --- [restartedMain] o.apache.catalina.core.StandardService   : Starting service [Tomcat]
2022-09-03 09:10:57.690  INFO 8793 --- [restartedMain] org.apache.catalina.core.StandardEngine  : Starting Servlet engine: [Apache Tomcat/9.0.65]
2022-09-03 09:10:57.774  INFO 8793 --- [restartedMain] o.a.c.c.C.[Tomcat].[localhost].[/]       : Initializing Spring embedded WebApplicationContext
2022-09-03 09:10:57.774  INFO 8793 --- [restartedMain] w.s.c.ServletWebServerApplicationContext : Root WebApplicationContext: initialization completed in 2087 ms
2022-09-03 09:10:57.967  INFO 8793 --- [restartedMain] o.hibernate.jpa.internal.util.LogHelper  : HHH000204: Processing PersistenceUnitInfo [name: default]
2022-09-03 09:10:58.008  INFO 8793 --- [restartedMain] org.hibernate.Version                    : HHH000412: Hibernate ORM core version 5.6.10.Final
2022-09-03 09:10:58.160  INFO 8793 --- [restartedMain] o.hibernate.annotations.common.Version   : HCANN000001: Hibernate Commons Annotations {5.1.2.Final}
2022-09-03 09:10:58.271  INFO 8793 --- [restartedMain] com.zaxxer.hikari.HikariDataSource       : HikariPool-1 - Starting...
2022-09-03 09:10:58.638  INFO 8793 --- [restartedMain] com.zaxxer.hikari.HikariDataSource       : HikariPool-1 - Start completed.
2022-09-03 09:10:58.668  INFO 8793 --- [restartedMain] org.hibernate.dialect.Dialect            : HHH000400: Using dialect: org.hibernate.dialect.MySQL8Dialect
2022-09-03 09:10:59.411  INFO 8793 --- [restartedMain] o.h.e.t.j.p.i.JtaPlatformInitiator       : HHH000490: Using JtaPlatform implementation: [org.hibernate.engine.transaction.jta.platform.internal.NoJtaPlatform]
2022-09-03 09:10:59.419  INFO 8793 --- [restartedMain] j.LocalContainerEntityManagerFactoryBean : Initialized JPA EntityManagerFactory for persistence unit 'default'
2022-09-03 09:10:59.866  WARN 8793 --- [restartedMain] JpaBaseConfiguration$JpaWebConfiguration : spring.jpa.open-in-view is enabled by default. Therefore, database queries may be performed during view rendering. Explicitly configure spring.jpa.open-in-view to disable this warning
2022-09-03 09:11:00.265  WARN 8793 --- [restartedMain] ion$DefaultTemplateResolverConfiguration : Cannot find template location: classpath:/templates/ (please add some templates or check your Thymeleaf configuration)
2022-09-03 09:11:00.364  INFO 8793 --- [restartedMain] o.s.b.d.a.OptionalLiveReloadServer       : LiveReload server is running on port 35729
2022-09-03 09:11:00.398  INFO 8793 --- [restartedMain] o.s.b.w.embedded.tomcat.TomcatWebServer  : Tomcat started on port(s): 6060 (http) with context path ''
2022-09-03 09:11:00.412  INFO 8793 --- [restartedMain] c.e.s.SpringEmployeePayrollApplication   : Started SpringEmployeePayrollApplication in 5.468 seconds (JVM running for 6.197)
2022-09-03 09:11:00.416  INFO 8793 --- [restartedMain] c.e.s.SpringEmployeePayrollApplication   : Hello! Welcome to the Employee Payroll Project
2022-09-03 09:11:21.958  INFO 8793 --- [http-nio-6060-exec-2] o.a.c.c.C.[Tomcat].[localhost].[/]       : Initializing Spring DispatcherServlet 'dispatcherServlet'
2022-09-03 09:11:21.958  INFO 8793 --- [http-nio-6060-exec-2] o.s.web.servlet.DispatcherServlet        : Initializing Servlet 'dispatcherServlet'
2022-09-03 09:11:21.960  INFO 8793 --- [http-nio-6060-exec-2] o.s.web.servlet.DispatcherServlet        : Completed initialization in 1 ms
2022-09-03 09:11:22.112  WARN 8793 --- [http-nio-6060-exec-2] .m.m.a.ExceptionHandlerExceptionResolver : Resolved [com.example.springemployeepayroll.exception.EmployeePayrollException: ID does not exist!]
2022-09-03 09:41:13.498  INFO 8793 --- [SpringApplicationShutdownHook] j.LocalContainerEntityManagerFactoryBean : Closing JPA EntityManagerFactory for persistence unit 'default'
2022-09-03 09:41:13.503  INFO 8793 --- [SpringApplicationShutdownHook] com.zaxxer.hikari.HikariDataSource       : HikariPool-1 - Shutdown initiated...
2022-09-03 09:41:13.511  INFO 8793 --- [SpringApplicationShutdownHook] com.zaxxer.hikari.HikariDataSource       : HikariPool-1 - Shutdown completed.
2022-09-03 16:39:05.275  INFO 3878 --- [restartedMain] c.e.s.SpringEmployeePayrollApplication   : Starting SpringEmployeePayrollApplication using Java 17.0.4 on hp-HP-ProBook-440-G5 with PID 3878 (/home/hp/IdeaProjects/SpringEmployeePayroll/target/classes started by hp in /home/hp/IdeaProjects/SpringEmployeePayroll)
2022-09-03 16:39:05.278  INFO 3878 --- [restartedMain] c.e.s.SpringEmployeePayrollApplication   : The following 1 profile is active: "dev"
2022-09-03 16:39:05.362  INFO 3878 --- [restartedMain] .e.DevToolsPropertyDefaultsPostProcessor : Devtools property defaults active! Set 'spring.devtools.add-properties' to 'false' to disable
2022-09-03 16:39:05.363  INFO 3878 --- [restartedMain] .e.DevToolsPropertyDefaultsPostProcessor : For additional web related logging consider setting the 'logging.level.web' property to 'DEBUG'
2022-09-03 16:39:06.169  INFO 3878 --- [restartedMain] .s.d.r.c.RepositoryConfigurationDelegate : Bootstrapping Spring Data JPA repositories in DEFAULT mode.
2022-09-03 16:39:06.220  INFO 3878 --- [restartedMain] .s.d.r.c.RepositoryConfigurationDelegate : Finished Spring Data repository scanning in 40 ms. Found 1 JPA repository interfaces.
2022-09-03 16:39:07.074  INFO 3878 --- [restartedMain] o.s.b.w.embedded.tomcat.TomcatWebServer  : Tomcat initialized with port(s): 6060 (http)
2022-09-03 16:39:07.085  INFO 3878 --- [restartedMain] o.apache.catalina.core.StandardService   : Starting service [Tomcat]
2022-09-03 16:39:07.086  INFO 3878 --- [restartedMain] org.apache.catalina.core.StandardEngine  : Starting Servlet engine: [Apache Tomcat/9.0.65]
2022-09-03 16:39:07.146  INFO 3878 --- [restartedMain] o.a.c.c.C.[Tomcat].[localhost].[/]       : Initializing Spring embedded WebApplicationContext
2022-09-03 16:39:07.147  INFO 3878 --- [restartedMain] w.s.c.ServletWebServerApplicationContext : Root WebApplicationContext: initialization completed in 1783 ms
2022-09-03 16:39:07.314  INFO 3878 --- [restartedMain] o.hibernate.jpa.internal.util.LogHelper  : HHH000204: Processing PersistenceUnitInfo [name: default]
2022-09-03 16:39:07.373  INFO 3878 --- [restartedMain] org.hibernate.Version                    : HHH000412: Hibernate ORM core version 5.6.10.Final
2022-09-03 16:39:07.516  INFO 3878 --- [restartedMain] o.hibernate.annotations.common.Version   : HCANN000001: Hibernate Commons Annotations {5.1.2.Final}
2022-09-03 16:39:07.617  INFO 3878 --- [restartedMain] com.zaxxer.hikari.HikariDataSource       : HikariPool-1 - Starting...
2022-09-03 16:39:07.983  INFO 3878 --- [restartedMain] com.zaxxer.hikari.HikariDataSource       : HikariPool-1 - Start completed.
2022-09-03 16:39:08.015  INFO 3878 --- [restartedMain] org.hibernate.dialect.Dialect            : HHH000400: Using dialect: org.hibernate.dialect.MySQL8Dialect
2022-09-03 16:39:08.792  INFO 3878 --- [restartedMain] o.h.e.t.j.p.i.JtaPlatformInitiator       : HHH000490: Using JtaPlatform implementation: [org.hibernate.engine.transaction.jta.platform.internal.NoJtaPlatform]
2022-09-03 16:39:08.799  INFO 3878 --- [restartedMain] j.LocalContainerEntityManagerFactoryBean : Initialized JPA EntityManagerFactory for persistence unit 'default'
2022-09-03 16:39:09.154  WARN 3878 --- [restartedMain] JpaBaseConfiguration$JpaWebConfiguration : spring.jpa.open-in-view is enabled by default. Therefore, database queries may be performed during view rendering. Explicitly configure spring.jpa.open-in-view to disable this warning
2022-09-03 16:39:09.453  WARN 3878 --- [restartedMain] ion$DefaultTemplateResolverConfiguration : Cannot find template location: classpath:/templates/ (please add some templates or check your Thymeleaf configuration)
2022-09-03 16:39:09.538  INFO 3878 --- [restartedMain] o.s.b.d.a.OptionalLiveReloadServer       : LiveReload server is running on port 35729
2022-09-03 16:39:09.569  INFO 3878 --- [restartedMain] o.s.b.w.embedded.tomcat.TomcatWebServer  : Tomcat started on port(s): 6060 (http) with context path ''
2022-09-03 16:39:09.581  INFO 3878 --- [restartedMain] c.e.s.SpringEmployeePayrollApplication   : Started SpringEmployeePayrollApplication in 4.813 seconds (JVM running for 5.495)
2022-09-03 16:39:09.585  INFO 3878 --- [restartedMain] c.e.s.SpringEmployeePayrollApplication   : Hello! Welcome to the Employee Payroll Project
2022-09-03 16:39:15.772  INFO 3878 --- [http-nio-6060-exec-2] o.a.c.c.C.[Tomcat].[localhost].[/]       : Initializing Spring DispatcherServlet 'dispatcherServlet'
2022-09-03 16:39:15.773  INFO 3878 --- [http-nio-6060-exec-2] o.s.web.servlet.DispatcherServlet        : Initializing Servlet 'dispatcherServlet'
2022-09-03 16:39:15.775  INFO 3878 --- [http-nio-6060-exec-2] o.s.web.servlet.DispatcherServlet        : Completed initialization in 2 ms
2022-09-03 16:39:15.892  WARN 3878 --- [http-nio-6060-exec-2] .m.m.a.ExceptionHandlerExceptionResolver : Resolved [com.example.springemployeepayroll.exception.EmployeePayrollException: ID does not exist!]
2022-09-03 16:40:03.278  WARN 3878 --- [http-nio-6060-exec-5] .m.m.a.ExceptionHandlerExceptionResolver : Resolved [org.springframework.web.bind.MethodArgumentNotValidException: Validation failed for argument [0] in public org.springframework.http.ResponseEntity<com.example.springemployeepayroll.dto.ResponseDto> com.example.springemployeepayroll.controller.EmployeeController.addEmpData(com.example.springemployeepayroll.dto.EmployeeDto): [Field error in object 'employeeDto' on field 'gender': rejected value []; codes [NotEmpty.employeeDto.gender,NotEmpty.gender,NotEmpty.java.lang.String,NotEmpty]; arguments [org.springframework.context.support.DefaultMessageSourceResolvable: codes [employeeDto.gender,gender]; arguments []; default message [gender]]; default message [Gender Cannot be Empty]] ]
2022-09-03 16:40:25.842  WARN 3878 --- [http-nio-6060-exec-8] .m.m.a.ExceptionHandlerExceptionResolver : Resolved [com.example.springemployeepayroll.exception.EmployeePayrollException: Error: Cannot find the id: 9]
2022-09-03 16:40:52.355  INFO 3878 --- [SpringApplicationShutdownHook] j.LocalContainerEntityManagerFactoryBean : Closing JPA EntityManagerFactory for persistence unit 'default'
2022-09-03 16:40:52.358  INFO 3878 --- [SpringApplicationShutdownHook] com.zaxxer.hikari.HikariDataSource       : HikariPool-1 - Shutdown initiated...
2022-09-03 16:40:52.366  INFO 3878 --- [SpringApplicationShutdownHook] com.zaxxer.hikari.HikariDataSource       : HikariPool-1 - Shutdown completed.
2022-09-03 16:42:08.342  INFO 4043 --- [restartedMain] c.e.s.SpringEmployeePayrollApplication   : Starting SpringEmployeePayrollApplication using Java 17.0.4 on hp-HP-ProBook-440-G5 with PID 4043 (/home/hp/IdeaProjects/SpringEmployeePayroll/target/classes started by hp in /home/hp/IdeaProjects/SpringEmployeePayroll)
2022-09-03 16:42:08.344  INFO 4043 --- [restartedMain] c.e.s.SpringEmployeePayrollApplication   : The following 1 profile is active: "dev"
2022-09-03 16:42:08.443  INFO 4043 --- [restartedMain] .e.DevToolsPropertyDefaultsPostProcessor : Devtools property defaults active! Set 'spring.devtools.add-properties' to 'false' to disable
2022-09-03 16:42:08.444  INFO 4043 --- [restartedMain] .e.DevToolsPropertyDefaultsPostProcessor : For additional web related logging consider setting the 'logging.level.web' property to 'DEBUG'
2022-09-03 16:42:09.199  INFO 4043 --- [restartedMain] .s.d.r.c.RepositoryConfigurationDelegate : Bootstrapping Spring Data JPA repositories in DEFAULT mode.
2022-09-03 16:42:09.246  INFO 4043 --- [restartedMain] .s.d.r.c.RepositoryConfigurationDelegate : Finished Spring Data repository scanning in 37 ms. Found 1 JPA repository interfaces.
2022-09-03 16:42:10.165  INFO 4043 --- [restartedMain] o.s.b.w.embedded.tomcat.TomcatWebServer  : Tomcat initialized with port(s): 6060 (http)
2022-09-03 16:42:10.178  INFO 4043 --- [restartedMain] o.apache.catalina.core.StandardService   : Starting service [Tomcat]
2022-09-03 16:42:10.179  INFO 4043 --- [restartedMain] org.apache.catalina.core.StandardEngine  : Starting Servlet engine: [Apache Tomcat/9.0.65]
2022-09-03 16:42:10.251  INFO 4043 --- [restartedMain] o.a.c.c.C.[Tomcat].[localhost].[/]       : Initializing Spring embedded WebApplicationContext
2022-09-03 16:42:10.252  INFO 4043 --- [restartedMain] w.s.c.ServletWebServerApplicationContext : Root WebApplicationContext: initialization completed in 1806 ms
2022-09-03 16:42:10.440  INFO 4043 --- [restartedMain] o.hibernate.jpa.internal.util.LogHelper  : HHH000204: Processing PersistenceUnitInfo [name: default]
2022-09-03 16:42:10.484  INFO 4043 --- [restartedMain] org.hibernate.Version                    : HHH000412: Hibernate ORM core version 5.6.10.Final
2022-09-03 16:42:10.642  INFO 4043 --- [restartedMain] o.hibernate.annotations.common.Version   : HCANN000001: Hibernate Commons Annotations {5.1.2.Final}
2022-09-03 16:42:10.744  INFO 4043 --- [restartedMain] com.zaxxer.hikari.HikariDataSource       : HikariPool-1 - Starting...
2022-09-03 16:42:11.115  INFO 4043 --- [restartedMain] com.zaxxer.hikari.HikariDataSource       : HikariPool-1 - Start completed.
2022-09-03 16:42:11.146  INFO 4043 --- [restartedMain] org.hibernate.dialect.Dialect            : HHH000400: Using dialect: org.hibernate.dialect.MySQL8Dialect
2022-09-03 16:42:11.957  INFO 4043 --- [restartedMain] o.h.e.t.j.p.i.JtaPlatformInitiator       : HHH000490: Using JtaPlatform implementation: [org.hibernate.engine.transaction.jta.platform.internal.NoJtaPlatform]
2022-09-03 16:42:11.966  INFO 4043 --- [restartedMain] j.LocalContainerEntityManagerFactoryBean : Initialized JPA EntityManagerFactory for persistence unit 'default'
2022-09-03 16:42:12.375  WARN 4043 --- [restartedMain] JpaBaseConfiguration$JpaWebConfiguration : spring.jpa.open-in-view is enabled by default. Therefore, database queries may be performed during view rendering. Explicitly configure spring.jpa.open-in-view to disable this warning
2022-09-03 16:42:12.760  WARN 4043 --- [restartedMain] ion$DefaultTemplateResolverConfiguration : Cannot find template location: classpath:/templates/ (please add some templates or check your Thymeleaf configuration)
2022-09-03 16:42:12.877  INFO 4043 --- [restartedMain] o.s.b.d.a.OptionalLiveReloadServer       : LiveReload server is running on port 35729
2022-09-03 16:42:12.914  INFO 4043 --- [restartedMain] o.s.b.w.embedded.tomcat.TomcatWebServer  : Tomcat started on port(s): 6060 (http) with context path ''
2022-09-03 16:42:12.930  INFO 4043 --- [restartedMain] c.e.s.SpringEmployeePayrollApplication   : Started SpringEmployeePayrollApplication in 5.121 seconds (JVM running for 5.675)
2022-09-03 16:42:12.934  INFO 4043 --- [restartedMain] c.e.s.SpringEmployeePayrollApplication   : Hello! Welcome to the Employee Payroll Project
2022-09-03 16:42:18.358  INFO 4043 --- [http-nio-6060-exec-2] o.a.c.c.C.[Tomcat].[localhost].[/]       : Initializing Spring DispatcherServlet 'dispatcherServlet'
2022-09-03 16:42:18.359  INFO 4043 --- [http-nio-6060-exec-2] o.s.web.servlet.DispatcherServlet        : Initializing Servlet 'dispatcherServlet'
2022-09-03 16:42:18.361  INFO 4043 --- [http-nio-6060-exec-2] o.s.web.servlet.DispatcherServlet        : Completed initialization in 1 ms
2022-09-03 16:42:18.604  WARN 4043 --- [http-nio-6060-exec-2] .m.m.a.ExceptionHandlerExceptionResolver : Resolved [com.example.springemployeepayroll.exception.EmployeePayrollException: Error: Cannot find the Employee Id 9]
2022-09-03 16:42:32.085  WARN 4043 --- [http-nio-6060-exec-4] .m.m.a.ExceptionHandlerExceptionResolver : Resolved [com.example.springemployeepayroll.exception.EmployeePayrollException: Error: Employee ID does not exist!]
2022-09-03 16:43:09.657  INFO 4043 --- [SpringApplicationShutdownHook] j.LocalContainerEntityManagerFactoryBean : Closing JPA EntityManagerFactory for persistence unit 'default'
2022-09-03 16:43:09.660  INFO 4043 --- [SpringApplicationShutdownHook] com.zaxxer.hikari.HikariDataSource       : HikariPool-1 - Shutdown initiated...
2022-09-03 16:43:09.668  INFO 4043 --- [SpringApplicationShutdownHook] com.zaxxer.hikari.HikariDataSource       : HikariPool-1 - Shutdown completed.
2022-09-03 16:43:14.960  INFO 4176 --- [restartedMain] c.e.s.SpringEmployeePayrollApplication   : Starting SpringEmployeePayrollApplication using Java 17.0.4 on hp-HP-ProBook-440-G5 with PID 4176 (/home/hp/IdeaProjects/SpringEmployeePayroll/target/classes started by hp in /home/hp/IdeaProjects/SpringEmployeePayroll)
2022-09-03 16:43:14.963  INFO 4176 --- [restartedMain] c.e.s.SpringEmployeePayrollApplication   : The following 1 profile is active: "dev"
2022-09-03 16:43:15.034  INFO 4176 --- [restartedMain] .e.DevToolsPropertyDefaultsPostProcessor : Devtools property defaults active! Set 'spring.devtools.add-properties' to 'false' to disable
2022-09-03 16:43:15.035  INFO 4176 --- [restartedMain] .e.DevToolsPropertyDefaultsPostProcessor : For additional web related logging consider setting the 'logging.level.web' property to 'DEBUG'
2022-09-03 16:43:15.791  INFO 4176 --- [restartedMain] .s.d.r.c.RepositoryConfigurationDelegate : Bootstrapping Spring Data JPA repositories in DEFAULT mode.
2022-09-03 16:43:15.839  INFO 4176 --- [restartedMain] .s.d.r.c.RepositoryConfigurationDelegate : Finished Spring Data repository scanning in 38 ms. Found 1 JPA repository interfaces.
2022-09-03 16:43:16.531  INFO 4176 --- [restartedMain] o.s.b.w.embedded.tomcat.TomcatWebServer  : Tomcat initialized with port(s): 6060 (http)
2022-09-03 16:43:16.543  INFO 4176 --- [restartedMain] o.apache.catalina.core.StandardService   : Starting service [Tomcat]
2022-09-03 16:43:16.543  INFO 4176 --- [restartedMain] org.apache.catalina.core.StandardEngine  : Starting Servlet engine: [Apache Tomcat/9.0.65]
2022-09-03 16:43:16.607  INFO 4176 --- [restartedMain] o.a.c.c.C.[Tomcat].[localhost].[/]       : Initializing Spring embedded WebApplicationContext
2022-09-03 16:43:16.608  INFO 4176 --- [restartedMain] w.s.c.ServletWebServerApplicationContext : Root WebApplicationContext: initialization completed in 1572 ms
2022-09-03 16:43:16.805  INFO 4176 --- [restartedMain] o.hibernate.jpa.internal.util.LogHelper  : HHH000204: Processing PersistenceUnitInfo [name: default]
2022-09-03 16:43:16.861  INFO 4176 --- [restartedMain] org.hibernate.Version                    : HHH000412: Hibernate ORM core version 5.6.10.Final
2022-09-03 16:43:17.047  INFO 4176 --- [restartedMain] o.hibernate.annotations.common.Version   : HCANN000001: Hibernate Commons Annotations {5.1.2.Final}
2022-09-03 16:43:17.140  INFO 4176 --- [restartedMain] com.zaxxer.hikari.HikariDataSource       : HikariPool-1 - Starting...
2022-09-03 16:43:17.474  INFO 4176 --- [restartedMain] com.zaxxer.hikari.HikariDataSource       : HikariPool-1 - Start completed.
2022-09-03 16:43:17.496  INFO 4176 --- [restartedMain] org.hibernate.dialect.Dialect            : HHH000400: Using dialect: org.hibernate.dialect.MySQL8Dialect
2022-09-03 16:43:18.173  INFO 4176 --- [restartedMain] o.h.e.t.j.p.i.JtaPlatformInitiator       : HHH000490: Using JtaPlatform implementation: [org.hibernate.engine.transaction.jta.platform.internal.NoJtaPlatform]
2022-09-03 16:43:18.179  INFO 4176 --- [restartedMain] j.LocalContainerEntityManagerFactoryBean : Initialized JPA EntityManagerFactory for persistence unit 'default'
2022-09-03 16:43:18.522  WARN 4176 --- [restartedMain] JpaBaseConfiguration$JpaWebConfiguration : spring.jpa.open-in-view is enabled by default. Therefore, database queries may be performed during view rendering. Explicitly configure spring.jpa.open-in-view to disable this warning
2022-09-03 16:43:18.863  WARN 4176 --- [restartedMain] ion$DefaultTemplateResolverConfiguration : Cannot find template location: classpath:/templates/ (please add some templates or check your Thymeleaf configuration)
2022-09-03 16:43:18.946  INFO 4176 --- [restartedMain] o.s.b.d.a.OptionalLiveReloadServer       : LiveReload server is running on port 35729
2022-09-03 16:43:18.974  INFO 4176 --- [restartedMain] o.s.b.w.embedded.tomcat.TomcatWebServer  : Tomcat started on port(s): 6060 (http) with context path ''
2022-09-03 16:43:18.985  INFO 4176 --- [restartedMain] c.e.s.SpringEmployeePayrollApplication   : Started SpringEmployeePayrollApplication in 4.516 seconds (JVM running for 5.028)
2022-09-03 16:43:18.988  INFO 4176 --- [restartedMain] c.e.s.SpringEmployeePayrollApplication   : Hello! Welcome to the Employee Payroll Project
2022-09-03 16:43:24.048  INFO 4176 --- [http-nio-6060-exec-1] o.a.c.c.C.[Tomcat].[localhost].[/]       : Initializing Spring DispatcherServlet 'dispatcherServlet'
2022-09-03 16:43:24.048  INFO 4176 --- [http-nio-6060-exec-1] o.s.web.servlet.DispatcherServlet        : Initializing Servlet 'dispatcherServlet'
2022-09-03 16:43:24.049  INFO 4176 --- [http-nio-6060-exec-1] o.s.web.servlet.DispatcherServlet        : Completed initialization in 1 ms
2022-09-03 16:43:24.193  WARN 4176 --- [http-nio-6060-exec-1] .m.m.a.ExceptionHandlerExceptionResolver : Resolved [com.example.springemployeepayroll.exception.EmployeePayrollException: Error: Cannot find the Employee ID9]
2022-09-03 16:43:49.728  INFO 4176 --- [SpringApplicationShutdownHook] j.LocalContainerEntityManagerFactoryBean : Closing JPA EntityManagerFactory for persistence unit 'default'
2022-09-03 16:43:49.731  INFO 4176 --- [SpringApplicationShutdownHook] com.zaxxer.hikari.HikariDataSource       : HikariPool-1 - Shutdown initiated...
2022-09-03 16:43:49.739  INFO 4176 --- [SpringApplicationShutdownHook] com.zaxxer.hikari.HikariDataSource       : HikariPool-1 - Shutdown completed.
2022-09-03 16:43:54.838  INFO 4300 --- [restartedMain] c.e.s.SpringEmployeePayrollApplication   : Starting SpringEmployeePayrollApplication using Java 17.0.4 on hp-HP-ProBook-440-G5 with PID 4300 (/home/hp/IdeaProjects/SpringEmployeePayroll/target/classes started by hp in /home/hp/IdeaProjects/SpringEmployeePayroll)
2022-09-03 16:43:54.841  INFO 4300 --- [restartedMain] c.e.s.SpringEmployeePayrollApplication   : The following 1 profile is active: "dev"
2022-09-03 16:43:54.911  INFO 4300 --- [restartedMain] .e.DevToolsPropertyDefaultsPostProcessor : Devtools property defaults active! Set 'spring.devtools.add-properties' to 'false' to disable
2022-09-03 16:43:54.912  INFO 4300 --- [restartedMain] .e.DevToolsPropertyDefaultsPostProcessor : For additional web related logging consider setting the 'logging.level.web' property to 'DEBUG'
2022-09-03 16:43:55.722  INFO 4300 --- [restartedMain] .s.d.r.c.RepositoryConfigurationDelegate : Bootstrapping Spring Data JPA repositories in DEFAULT mode.
2022-09-03 16:43:55.781  INFO 4300 --- [restartedMain] .s.d.r.c.RepositoryConfigurationDelegate : Finished Spring Data repository scanning in 49 ms. Found 1 JPA repository interfaces.
2022-09-03 16:43:56.516  INFO 4300 --- [restartedMain] o.s.b.w.embedded.tomcat.TomcatWebServer  : Tomcat initialized with port(s): 6060 (http)
2022-09-03 16:43:56.527  INFO 4300 --- [restartedMain] o.apache.catalina.core.StandardService   : Starting service [Tomcat]
2022-09-03 16:43:56.527  INFO 4300 --- [restartedMain] org.apache.catalina.core.StandardEngine  : Starting Servlet engine: [Apache Tomcat/9.0.65]
2022-09-03 16:43:56.582  INFO 4300 --- [restartedMain] o.a.c.c.C.[Tomcat].[localhost].[/]       : Initializing Spring embedded WebApplicationContext
2022-09-03 16:43:56.583  INFO 4300 --- [restartedMain] w.s.c.ServletWebServerApplicationContext : Root WebApplicationContext: initialization completed in 1669 ms
2022-09-03 16:43:56.751  INFO 4300 --- [restartedMain] o.hibernate.jpa.internal.util.LogHelper  : HHH000204: Processing PersistenceUnitInfo [name: default]
2022-09-03 16:43:56.796  INFO 4300 --- [restartedMain] org.hibernate.Version                    : HHH000412: Hibernate ORM core version 5.6.10.Final
2022-09-03 16:43:56.935  INFO 4300 --- [restartedMain] o.hibernate.annotations.common.Version   : HCANN000001: Hibernate Commons Annotations {5.1.2.Final}
2022-09-03 16:43:57.022  INFO 4300 --- [restartedMain] com.zaxxer.hikari.HikariDataSource       : HikariPool-1 - Starting...
2022-09-03 16:43:57.339  INFO 4300 --- [restartedMain] com.zaxxer.hikari.HikariDataSource       : HikariPool-1 - Start completed.
2022-09-03 16:43:57.368  INFO 4300 --- [restartedMain] org.hibernate.dialect.Dialect            : HHH000400: Using dialect: org.hibernate.dialect.MySQL8Dialect
2022-09-03 16:43:58.090  INFO 4300 --- [restartedMain] o.h.e.t.j.p.i.JtaPlatformInitiator       : HHH000490: Using JtaPlatform implementation: [org.hibernate.engine.transaction.jta.platform.internal.NoJtaPlatform]
2022-09-03 16:43:58.096  INFO 4300 --- [restartedMain] j.LocalContainerEntityManagerFactoryBean : Initialized JPA EntityManagerFactory for persistence unit 'default'
2022-09-03 16:43:58.489  WARN 4300 --- [restartedMain] JpaBaseConfiguration$JpaWebConfiguration : spring.jpa.open-in-view is enabled by default. Therefore, database queries may be performed during view rendering. Explicitly configure spring.jpa.open-in-view to disable this warning
2022-09-03 16:43:58.803  WARN 4300 --- [restartedMain] ion$DefaultTemplateResolverConfiguration : Cannot find template location: classpath:/templates/ (please add some templates or check your Thymeleaf configuration)
2022-09-03 16:43:58.897  INFO 4300 --- [restartedMain] o.s.b.d.a.OptionalLiveReloadServer       : LiveReload server is running on port 35729
2022-09-03 16:43:58.928  INFO 4300 --- [restartedMain] o.s.b.w.embedded.tomcat.TomcatWebServer  : Tomcat started on port(s): 6060 (http) with context path ''
2022-09-03 16:43:58.939  INFO 4300 --- [restartedMain] c.e.s.SpringEmployeePayrollApplication   : Started SpringEmployeePayrollApplication in 4.596 seconds (JVM running for 5.131)
2022-09-03 16:43:58.944  INFO 4300 --- [restartedMain] c.e.s.SpringEmployeePayrollApplication   : Hello! Welcome to the Employee Payroll Project
2022-09-03 16:44:05.514  INFO 4300 --- [http-nio-6060-exec-2] o.a.c.c.C.[Tomcat].[localhost].[/]       : Initializing Spring DispatcherServlet 'dispatcherServlet'
2022-09-03 16:44:05.514  INFO 4300 --- [http-nio-6060-exec-2] o.s.web.servlet.DispatcherServlet        : Initializing Servlet 'dispatcherServlet'
2022-09-03 16:44:05.516  INFO 4300 --- [http-nio-6060-exec-2] o.s.web.servlet.DispatcherServlet        : Completed initialization in 1 ms
2022-09-03 16:44:05.659  WARN 4300 --- [http-nio-6060-exec-2] .m.m.a.ExceptionHandlerExceptionResolver : Resolved [com.example.springemployeepayroll.exception.EmployeePayrollException: Error: Cannot find the Employee ID 9]
2022-09-03 16:48:40.353  INFO 4300 --- [SpringApplicationShutdownHook] j.LocalContainerEntityManagerFactoryBean : Closing JPA EntityManagerFactory for persistence unit 'default'
2022-09-03 16:48:40.356  INFO 4300 --- [SpringApplicationShutdownHook] com.zaxxer.hikari.HikariDataSource       : HikariPool-1 - Shutdown initiated...
2022-09-03 16:48:40.363  INFO 4300 --- [SpringApplicationShutdownHook] com.zaxxer.hikari.HikariDataSource       : HikariPool-1 - Shutdown completed.
2022-09-03 16:49:24.964  INFO 4503 --- [restartedMain] c.e.s.SpringEmployeePayrollApplication   : Starting SpringEmployeePayrollApplication using Java 17.0.4 on hp-HP-ProBook-440-G5 with PID 4503 (/home/hp/IdeaProjects/SpringEmployeePayroll/target/classes started by hp in /home/hp/IdeaProjects/SpringEmployeePayroll)
2022-09-03 16:49:24.967  INFO 4503 --- [restartedMain] c.e.s.SpringEmployeePayrollApplication   : The following 1 profile is active: "dev"
2022-09-03 16:49:25.032  INFO 4503 --- [restartedMain] .e.DevToolsPropertyDefaultsPostProcessor : Devtools property defaults active! Set 'spring.devtools.add-properties' to 'false' to disable
2022-09-03 16:49:25.033  INFO 4503 --- [restartedMain] .e.DevToolsPropertyDefaultsPostProcessor : For additional web related logging consider setting the 'logging.level.web' property to 'DEBUG'
2022-09-03 16:49:25.833  INFO 4503 --- [restartedMain] .s.d.r.c.RepositoryConfigurationDelegate : Bootstrapping Spring Data JPA repositories in DEFAULT mode.
2022-09-03 16:49:25.884  INFO 4503 --- [restartedMain] .s.d.r.c.RepositoryConfigurationDelegate : Finished Spring Data repository scanning in 42 ms. Found 1 JPA repository interfaces.
2022-09-03 16:49:26.621  INFO 4503 --- [restartedMain] o.s.b.w.embedded.tomcat.TomcatWebServer  : Tomcat initialized with port(s): 6060 (http)
2022-09-03 16:49:26.632  INFO 4503 --- [restartedMain] o.apache.catalina.core.StandardService   : Starting service [Tomcat]
2022-09-03 16:49:26.633  INFO 4503 --- [restartedMain] org.apache.catalina.core.StandardEngine  : Starting Servlet engine: [Apache Tomcat/9.0.65]
2022-09-03 16:49:26.698  INFO 4503 --- [restartedMain] o.a.c.c.C.[Tomcat].[localhost].[/]       : Initializing Spring embedded WebApplicationContext
2022-09-03 16:49:26.698  INFO 4503 --- [restartedMain] w.s.c.ServletWebServerApplicationContext : Root WebApplicationContext: initialization completed in 1664 ms
2022-09-03 16:49:26.883  INFO 4503 --- [restartedMain] o.hibernate.jpa.internal.util.LogHelper  : HHH000204: Processing PersistenceUnitInfo [name: default]
2022-09-03 16:49:26.941  INFO 4503 --- [restartedMain] org.hibernate.Version                    : HHH000412: Hibernate ORM core version 5.6.10.Final
2022-09-03 16:49:27.105  INFO 4503 --- [restartedMain] o.hibernate.annotations.common.Version   : HCANN000001: Hibernate Commons Annotations {5.1.2.Final}
2022-09-03 16:49:27.194  INFO 4503 --- [restartedMain] com.zaxxer.hikari.HikariDataSource       : HikariPool-1 - Starting...
2022-09-03 16:49:27.501  INFO 4503 --- [restartedMain] com.zaxxer.hikari.HikariDataSource       : HikariPool-1 - Start completed.
2022-09-03 16:49:27.523  INFO 4503 --- [restartedMain] org.hibernate.dialect.Dialect            : HHH000400: Using dialect: org.hibernate.dialect.MySQL8Dialect
2022-09-03 16:49:28.119  INFO 4503 --- [restartedMain] o.h.e.t.j.p.i.JtaPlatformInitiator       : HHH000490: Using JtaPlatform implementation: [org.hibernate.engine.transaction.jta.platform.internal.NoJtaPlatform]
2022-09-03 16:49:28.125  INFO 4503 --- [restartedMain] j.LocalContainerEntityManagerFactoryBean : Initialized JPA EntityManagerFactory for persistence unit 'default'
2022-09-03 16:49:28.483  WARN 4503 --- [restartedMain] JpaBaseConfiguration$JpaWebConfiguration : spring.jpa.open-in-view is enabled by default. Therefore, database queries may be performed during view rendering. Explicitly configure spring.jpa.open-in-view to disable this warning
2022-09-03 16:49:28.769  WARN 4503 --- [restartedMain] ion$DefaultTemplateResolverConfiguration : Cannot find template location: classpath:/templates/ (please add some templates or check your Thymeleaf configuration)
2022-09-03 16:49:28.861  INFO 4503 --- [restartedMain] o.s.b.d.a.OptionalLiveReloadServer       : LiveReload server is running on port 35729
2022-09-03 16:49:28.894  INFO 4503 --- [restartedMain] o.s.b.w.embedded.tomcat.TomcatWebServer  : Tomcat started on port(s): 6060 (http) with context path ''
2022-09-03 16:49:28.906  INFO 4503 --- [restartedMain] c.e.s.SpringEmployeePayrollApplication   : Started SpringEmployeePayrollApplication in 4.463 seconds (JVM running for 5.033)
2022-09-03 16:49:28.911  INFO 4503 --- [restartedMain] c.e.s.SpringEmployeePayrollApplication   : Hello! Welcome to the Employee Payroll Project
2022-09-03 16:49:42.681  INFO 4503 --- [http-nio-6060-exec-2] o.a.c.c.C.[Tomcat].[localhost].[/]       : Initializing Spring DispatcherServlet 'dispatcherServlet'
2022-09-03 16:49:42.681  INFO 4503 --- [http-nio-6060-exec-2] o.s.web.servlet.DispatcherServlet        : Initializing Servlet 'dispatcherServlet'
2022-09-03 16:49:42.682  INFO 4503 --- [http-nio-6060-exec-2] o.s.web.servlet.DispatcherServlet        : Completed initialization in 1 ms
2022-09-03 16:59:06.163  INFO 4503 --- [SpringApplicationShutdownHook] j.LocalContainerEntityManagerFactoryBean : Closing JPA EntityManagerFactory for persistence unit 'default'
2022-09-03 16:59:06.166  INFO 4503 --- [SpringApplicationShutdownHook] com.zaxxer.hikari.HikariDataSource       : HikariPool-1 - Shutdown initiated...
2022-09-03 16:59:06.174  INFO 4503 --- [SpringApplicationShutdownHook] com.zaxxer.hikari.HikariDataSource       : HikariPool-1 - Shutdown completed.
2022-09-03 16:59:11.695  INFO 6323 --- [restartedMain] c.e.s.SpringEmployeePayrollApplication   : Starting SpringEmployeePayrollApplication using Java 17.0.4 on hp-HP-ProBook-440-G5 with PID 6323 (/home/hp/IdeaProjects/SpringEmployeePayroll/target/classes started by hp in /home/hp/IdeaProjects/SpringEmployeePayroll)
2022-09-03 16:59:11.698  INFO 6323 --- [restartedMain] c.e.s.SpringEmployeePayrollApplication   : The following 1 profile is active: "dev"
2022-09-03 16:59:11.778  INFO 6323 --- [restartedMain] .e.DevToolsPropertyDefaultsPostProcessor : Devtools property defaults active! Set 'spring.devtools.add-properties' to 'false' to disable
2022-09-03 16:59:11.779  INFO 6323 --- [restartedMain] .e.DevToolsPropertyDefaultsPostProcessor : For additional web related logging consider setting the 'logging.level.web' property to 'DEBUG'
2022-09-03 16:59:12.594  INFO 6323 --- [restartedMain] .s.d.r.c.RepositoryConfigurationDelegate : Bootstrapping Spring Data JPA repositories in DEFAULT mode.
2022-09-03 16:59:12.645  INFO 6323 --- [restartedMain] .s.d.r.c.RepositoryConfigurationDelegate : Finished Spring Data repository scanning in 42 ms. Found 1 JPA repository interfaces.
2022-09-03 16:59:13.438  INFO 6323 --- [restartedMain] o.s.b.w.embedded.tomcat.TomcatWebServer  : Tomcat initialized with port(s): 6060 (http)
2022-09-03 16:59:13.447  INFO 6323 --- [restartedMain] o.apache.catalina.core.StandardService   : Starting service [Tomcat]
2022-09-03 16:59:13.448  INFO 6323 --- [restartedMain] org.apache.catalina.core.StandardEngine  : Starting Servlet engine: [Apache Tomcat/9.0.65]
2022-09-03 16:59:13.498  INFO 6323 --- [restartedMain] o.a.c.c.C.[Tomcat].[localhost].[/]       : Initializing Spring embedded WebApplicationContext
2022-09-03 16:59:13.498  INFO 6323 --- [restartedMain] w.s.c.ServletWebServerApplicationContext : Root WebApplicationContext: initialization completed in 1718 ms
2022-09-03 16:59:13.634  INFO 6323 --- [restartedMain] o.hibernate.jpa.internal.util.LogHelper  : HHH000204: Processing PersistenceUnitInfo [name: default]
2022-09-03 16:59:13.684  INFO 6323 --- [restartedMain] org.hibernate.Version                    : HHH000412: Hibernate ORM core version 5.6.10.Final
2022-09-03 16:59:13.832  INFO 6323 --- [restartedMain] o.hibernate.annotations.common.Version   : HCANN000001: Hibernate Commons Annotations {5.1.2.Final}
2022-09-03 16:59:13.935  INFO 6323 --- [restartedMain] com.zaxxer.hikari.HikariDataSource       : HikariPool-1 - Starting...
2022-09-03 16:59:14.267  INFO 6323 --- [restartedMain] com.zaxxer.hikari.HikariDataSource       : HikariPool-1 - Start completed.
2022-09-03 16:59:14.292  INFO 6323 --- [restartedMain] org.hibernate.dialect.Dialect            : HHH000400: Using dialect: org.hibernate.dialect.MySQL8Dialect
2022-09-03 16:59:14.926  INFO 6323 --- [restartedMain] o.h.e.t.j.p.i.JtaPlatformInitiator       : HHH000490: Using JtaPlatform implementation: [org.hibernate.engine.transaction.jta.platform.internal.NoJtaPlatform]
2022-09-03 16:59:14.932  INFO 6323 --- [restartedMain] j.LocalContainerEntityManagerFactoryBean : Initialized JPA EntityManagerFactory for persistence unit 'default'
2022-09-03 16:59:15.344  WARN 6323 --- [restartedMain] JpaBaseConfiguration$JpaWebConfiguration : spring.jpa.open-in-view is enabled by default. Therefore, database queries may be performed during view rendering. Explicitly configure spring.jpa.open-in-view to disable this warning
2022-09-03 16:59:15.635  WARN 6323 --- [restartedMain] ion$DefaultTemplateResolverConfiguration : Cannot find template location: classpath:/templates/ (please add some templates or check your Thymeleaf configuration)
2022-09-03 16:59:15.722  INFO 6323 --- [restartedMain] o.s.b.d.a.OptionalLiveReloadServer       : LiveReload server is running on port 35729
2022-09-03 16:59:15.752  INFO 6323 --- [restartedMain] o.s.b.w.embedded.tomcat.TomcatWebServer  : Tomcat started on port(s): 6060 (http) with context path ''
2022-09-03 16:59:15.764  INFO 6323 --- [restartedMain] c.e.s.SpringEmployeePayrollApplication   : Started SpringEmployeePayrollApplication in 4.663 seconds (JVM running for 5.239)
2022-09-03 16:59:15.768  INFO 6323 --- [restartedMain] c.e.s.SpringEmployeePayrollApplication   : Hello! Welcome to the Employee Payroll Project
2022-09-03 16:59:23.034  INFO 6323 --- [http-nio-6060-exec-1] o.a.c.c.C.[Tomcat].[localhost].[/]       : Initializing Spring DispatcherServlet 'dispatcherServlet'
2022-09-03 16:59:23.035  INFO 6323 --- [http-nio-6060-exec-1] o.s.web.servlet.DispatcherServlet        : Initializing Servlet 'dispatcherServlet'
2022-09-03 16:59:23.036  INFO 6323 --- [http-nio-6060-exec-1] o.s.web.servlet.DispatcherServlet        : Completed initialization in 1 ms
